Line 82: Class MSAdodcLib.Adodc of control adodcs was not a loaded control class.
Line 3: Property Icon in frmsadd could not be set.
Line 88: The property name _ExtentX in adodcs is invalid.
Line 89: The property name _ExtentY in adodcs is invalid.
Line 90: The property name ConnectMode in adodcs is invalid.
Line 91: The property name CursorLocation in adodcs is invalid.
Line 92: The property name IsolationLevel in adodcs is invalid.
Line 93: The property name ConnectionTimeout in adodcs is invalid.
Line 94: The property name CommandTimeout in adodcs is invalid.
Line 95: The property name CursorType in adodcs is invalid.
Line 96: The property name LockType in adodcs is invalid.
Line 97: The property name CommandType in adodcs is invalid.
Line 98: The property name CursorOptions in adodcs is invalid.
Line 99: The property name CacheSize in adodcs is invalid.
Line 100: The property name MaxRecords in adodcs is invalid.
Line 101: The property name BOFAction in adodcs is invalid.
Line 102: The property name EOFAction in adodcs is invalid.
Line 103: The property name ConnectStringType in adodcs is invalid.
Line 107: The property name Orientation in adodcs is invalid.
Line 109: The property name Connect in adodcs is invalid.
Line 110: The property name OLEDBString in adodcs is invalid.
Line 111: The property name OLEDBFile in adodcs is invalid.
Line 112: The property name DataSourceName in adodcs is invalid.
Line 113: The property name OtherAttributes in adodcs is invalid.
Line 114: The property name UserName in adodcs is invalid.
Line 115: The property name Password in adodcs is invalid.
Line 116: The property name RecordSource in adodcs is invalid.
Line 117: The property name Caption in adodcs is invalid.
Line 127: The property name _Version in adodcs is invalid.
Line 3: Property Icon in frmsadd could not be set.
Line 88: The property name _ExtentX in adodcs is invalid.
Line 89: The property name _ExtentY in adodcs is invalid.
Line 90: The property name ConnectMode in adodcs is invalid.
Line 91: The property name CursorLocation in adodcs is invalid.
Line 92: The property name IsolationLevel in adodcs is invalid.
Line 93: The property name ConnectionTimeout in adodcs is invalid.
Line 94: The property name CommandTimeout in adodcs is invalid.
Line 95: The property name CursorType in adodcs is invalid.
Line 96: The property name LockType in adodcs is invalid.
Line 97: The property name CommandType in adodcs is invalid.
Line 98: The property name CursorOptions in adodcs is invalid.
Line 99: The property name CacheSize in adodcs is invalid.
Line 100: The property name MaxRecords in adodcs is invalid.
Line 101: The property name BOFAction in adodcs is invalid.
Line 102: The property name EOFAction in adodcs is invalid.
Line 103: The property name ConnectStringType in adodcs is invalid.
Line 107: The property name Orientation in adodcs is invalid.
Line 109: The property name Connect in adodcs is invalid.
Line 110: The property name OLEDBString in adodcs is invalid.
Line 111: The property name OLEDBFile in adodcs is invalid.
Line 112: The property name DataSourceName in adodcs is invalid.
Line 113: The property name OtherAttributes in adodcs is invalid.
Line 114: The property name UserName in adodcs is invalid.
Line 115: The property name Password in adodcs is invalid.
Line 116: The property name RecordSource in adodcs is invalid.
Line 117: The property name Caption in adodcs is invalid.
Line 127: The property name _Version in adodcs is invalid.
