Line 31: Class MSAdodcLib.Adodc of control adodcvb was not a loaded control class.
Line 78: Class MSDataGridLib.DataGrid of control dgvb was not a loaded control class.
Line 37: The property name _ExtentX in adodcvb is invalid.
Line 38: The property name _ExtentY in adodcvb is invalid.
Line 39: The property name ConnectMode in adodcvb is invalid.
Line 40: The property name CursorLocation in adodcvb is invalid.
Line 41: The property name IsolationLevel in adodcvb is invalid.
Line 42: The property name ConnectionTimeout in adodcvb is invalid.
Line 43: The property name CommandTimeout in adodcvb is invalid.
Line 44: The property name CursorType in adodcvb is invalid.
Line 45: The property name LockType in adodcvb is invalid.
Line 46: The property name CommandType in adodcvb is invalid.
Line 47: The property name CursorOptions in adodcvb is invalid.
Line 48: The property name CacheSize in adodcvb is invalid.
Line 49: The property name MaxRecords in adodcvb is invalid.
Line 50: The property name BOFAction in adodcvb is invalid.
Line 51: The property name EOFAction in adodcvb is invalid.
Line 52: The property name ConnectStringType in adodcvb is invalid.
Line 56: The property name Orientation in adodcvb is invalid.
Line 58: The property name Connect in adodcvb is invalid.
Line 59: The property name OLEDBString in adodcvb is invalid.
Line 60: The property name OLEDBFile in adodcvb is invalid.
Line 61: The property name DataSourceName in adodcvb is invalid.
Line 62: The property name OtherAttributes in adodcvb is invalid.
Line 63: The property name UserName in adodcvb is invalid.
Line 64: The property name Password in adodcvb is invalid.
Line 65: The property name RecordSource in adodcvb is invalid.
Line 66: The property name Caption in adodcvb is invalid.
Line 76: The property name _Version in adodcvb is invalid.
Line 84: The property name _ExtentX in dgvb is invalid.
Line 85: The property name _ExtentY in dgvb is invalid.
Line 86: The property name _Version in dgvb is invalid.
Line 87: The property name HeadLines in dgvb is invalid.
Line 88: The property name RowHeight in dgvb is invalid.
Line 97: The property name HeadFont in dgvb is invalid.
Line 107: The property name ColumnCount in dgvb is invalid.
Line 120: The property name Column00 in dgvb is invalid.
Line 133: The property name Column01 in dgvb is invalid.
Line 134: The property name SplitCount in dgvb is invalid.
Line 140: The property name Split0 in dgvb is invalid.
